<?xml version="1.0" encoding="UTF-8"?>
<!-- Generated by org.testng.reporters.JUnitReportReporter -->
<testsuite hostname="DESKTOP-67P61R0" name="com.training.sanity.tests.LoginTests" tests="1" failures="0" timestamp="17 Jun 2019 06:14:41 GMT" time="40.395" errors="0">
  <testcase name="validLoginTest" time="40.395" classname="com.training.sanity.tests.LoginTests"/>
</testsuite> <!-- com.training.sanity.tests.LoginTests -->
