<?xml version="1.0" encoding="UTF-8"?>
<!-- Generated by org.testng.reporters.JUnitReportReporter -->
<testsuite hostname="DESKTOP-67P61R0" name="com.training.sanity.tests.LoginTests2" tests="1" failures="0" timestamp="17 Jun 2019 07:13:40 GMT" time="33.969" errors="0">
  <testcase name="validLoginTest" time="33.969" classname="com.training.sanity.tests.LoginTests2"/>
</testsuite> <!-- com.training.sanity.tests.LoginTests2 -->
