<?xml version="1.0" encoding="UTF-8"?>
<!-- Generated by org.testng.reporters.JUnitReportReporter -->
<testsuite hostname="DESKTOP-67P61R0" name="com.training.sanity.tests.LoginTests3" tests="1" failures="0" timestamp="18 Jun 2019 07:18:19 GMT" time="42.818" errors="0">
  <testcase name="validLoginTest" time="42.818" classname="com.training.sanity.tests.LoginTests3"/>
</testsuite> <!-- com.training.sanity.tests.LoginTests3 -->
