<?xml version="1.0" encoding="UTF-8"?>
<!-- Generated by org.testng.reporters.JUnitReportReporter -->
<testsuite hostname="DESKTOP-67P61R0" name="com.training.sanity.tests.RTTC_001" tests="1" failures="0" timestamp="19 Jun 2019 08:26:28 GMT" time="38.373" errors="0">
  <testcase name="validLoginTest" time="38.373" classname="com.training.sanity.tests.RTTC_001"/>
</testsuite> <!-- com.training.sanity.tests.RTTC_001 -->
