<?xml version="1.0" encoding="UTF-8"?>
<!-- Generated by org.testng.reporters.JUnitReportReporter -->
<testsuite hostname="DESKTOP-67P61R0" name="com.training.sanity.tests.RTTC_003" tests="1" failures="0" timestamp="19 Jun 2019 08:26:28 GMT" time="35.430" errors="0">
  <testcase name="validLoginTest" time="35.430" classname="com.training.sanity.tests.RTTC_003"/>
</testsuite> <!-- com.training.sanity.tests.RTTC_003 -->
